1  A - A  1
2  G   A  2
3  C   T  3
4  C   T  4
5  A - A  5
6  A - A  6
     |   C  7
     |   T  8
7  A - A  9
8  C - C  10
9  C - C  11
10  A   G  12
11  A   C  13
12  A   T  14
13  C - C  15
14  C - C  16
15  C - C  17
16  C - C  18
     |   A  19
     |   A  20
     |   T  21
17  C - C  22
18  G   C  23
19  A - A  24
20  A - A  25
21  T - T  26
22  T - T  27
23  G   |
24  T   |
25  C   |
26  C - C  28
27  A   T  29
28  G   T  30
29  A - A  31
30  A - A  32
31  T   A  33
32  C - C  34
33  T - T  35
34  C   |
35  G   |
36  C   |
37  C - C  36
38  C   A  37
39  T - T  38
40  G - G  39
41  C   |
42  T - T  40
43  G - G  41
44  C   T  42
45  T - T  43
46  A - A  44
47  T   A  45
48  C   A  46
49  C - C  47
50  C   T  48
51  C - C  49
52  A - A  50
53  A   G  51
54  A   T  52
55  G - G  53
     |   T  54
     |   T  55
     |   C  56
     |   G  57
     |   T  58
     |   C  59
56  C - C  60
57  C - C  61
58  A - A  62
59  G - G  63
     |   A  64
     |   A  65
60  C - C  66
     |   A  67
61  C   A  68
62  C - C  69
63  T - T  70
64  G - G  71
65  T - T  72
66  C - C  73
67  C   T  74
68  T - T  75
69  C - C  76
     |   T  77
70  C - C  78
71  A   T  79
72  G - G  80
     |   T  81
73  G - G  82
74  C   A  83
75  T - T  84
76  T - T  85
77  C - C  86
78  T - T  87
79  C - C  88
80  T - T  89
81  T - T  90
82  C   T  91
83  C - C  92
84  T - T  93
85  A - A  94
86  T - T  95
87  T   G  96
88  C - C  97
89  A - A  98
90  G - G  99
91  A   G  100
92  C - C  101
93  T - T  102
94  C   |
95  T   A  103
96  C - C  104
97  C   T  105
98  C - C  106
99  T - T  107
100  C   T  108
101  A - A  109
102  T   |
103  C   G  110
104  C   G  111
105  C - C  112
106  A - A  113
107  C   |
108  C   G  114
109  A - A  115
110  C   |
111  C - C  116
112  T - T  117
113  T - T  118
114  C - C  119
115  A - A  120
116  G - G  121
117  T - T  122
118  A - A  123
119  A - A  124
     |   A  125
     |   C  126
     |   A  127
     |   A  128
     |   T  129
     |   A  130
     |   T  131
     |   T  132
     |   G  133
120  T - T  134
121  A - A  135
     |   G  136
     |   T  137
     |   C  138
122  A - A  139
     |   T  140
123  A - A  141
124  G - G  142
125  C   T  143
126  C - C  144
127  T - T  145
128  T - T  146
     |   G  147
     |   A  148
     |   T  149
     |   C  150
129  C - C  151
130  C - C  152
131  T - T  153
     |   G  154
132  C   A  155
133  A - A  156
134  A - A  157
135  A - A  158
136  T - T  159
137  C   A  160
138  A - A  161
139  C - C  162
140  T   C  163
141  C - C  164
142  T   C  165
143  C - C  166
144  C - C  167
145  T - T  168
146  C - C  169
147  C   T  170
148  C   T  171
149  C - C  172
150  A   |
151  C   T  173
152  C   G  174
153  G - G  175
154  C - C  176
155  T - T  177
156  T - T  178
157  C   |
158  C   T  179
159  C - C  180
160  A - A  181
161  C   A  182
162  C   T  183
163  C - C  184
164  C - C  185
165  A - A  186
166  T - T  187
167  C - C  188
168  C - C  189
169  T   |
170  T - T  190
171  C - C  191
172  T   A  192
173  C - C  193
174  T   C  194
175  C   A  195
176  T   G  196
177  C - C  197
178  C - C  198
179  C - C  199
180  A - A  200
     |   T  201
     |   T  202
181  T - T  203
182  G   A  204
183  C   G  205
184  T - T  206
185  G - G  207
186  G   A  208
187  T - T  209
     |   A  210
188  T   C  211
189  T   A  212
190  G - G  213
191  G - G  214
     |   A  215
     |   C  216
     |   A  217
     |   C  218
     |   A  219
192  G - G  220
193  T - T  221
194  G - G  222
195  C - C  223
196  T   |
197  G   A  224
198  A - A  225
199  G   A  226
200  G - G  227
201  A - A  228
202  A - A  229
203  T - T  230
204  A - A  231
205  T - T  232
206  T - T  233
207  T - T  234
208  C   A  235
209  T - T  236
210  T - T  237
211  C - C  238
212  A - A  239
213  A - A  240
214  A - A  241
215  C   T  242
216  C - C  243
217  C - C  244
218  A   T  245
219  C - C  246
     |   G  247
220  A - A  248
221  C - C  249
222  C - C  250
223  C - C  251
224  A - A  252
     |   C  253
     |   C  254
225  T   C  255
226  C - C  256
227  C - C  257
228  A - A  258
229  G   A  259
230  C - C  260
231  C - C  261
232  C - C  262
233  T - T  263
234  G - G  264
235  C - C  265
     |   G  266
     |   T  267
     |   T  268
     |   T  269
     |   A  270
     |   G  271
     |   A  272
     |   C  273
     |   T  274
     |   C  275
     |   A  276
     |   G  277
236  C - C  278
     |   A  279
     |   T  280
     |   A  281
     |   A  282
237  C - C  283
238  A - A  284
239  G - G  285
     |   A  286
     |   A  287
     |   T  288
     |   C  289
240  A - A  290
241  G - G  291
242  G - G  292
     |   T  293
243  C   A  294
244  C   T  295
245  T - T  296
246  G   T  297
247  A   T  298
248  C - C  299
249  T - T  300
250  C   T  301
251  T - T  302
252  G - G  303
253  C   A  304
254  A   G  305
255  T - T  306
256  G - G  307
257  C   T  308
258  C   G  309
259  T - T  310
260  C - C  311
261  T - T  312
262  G - G  313
263  G - G  314
     |   C  315
264  T - T  316
265  A   G  317
266  G - G  318
267  G - G  319
268  C   A  320
269  T - T  321
270  T - T  322
271  T - T  323
272  T - T  324
273  C - C  325
274  A - A  326
275  G - G  327
276  G - G  328
277  C - C  329
278  T - T  330
279  C   A  331
280  A - A  332
281  C - C  333
282  A   |
283  T   |
284  T   G  334
285  A - A  335
286  G   |
287  G - G  336
288  G - G  337
289  A - A  338
290  G - G  339
291  C - C  340
292  A - A  341
293  A - A  342
294  A   T  343
295  C - C  344
296  G   T  345
297  C - C  346
298  A   |
299  G   |
300  G   C  347
301  C   T  348
302  T - T  349
303  G - G  350
304  C - C  351
305  A - A  352
306  G - G  353
307  G - G  354
308  A - A  355
309  G - G  356
310  C   |
311  A   |
312  A   |
313  A   T  357
314  A   G  358
315  G - G  359
316  G - G  360
317  A - A  361
318  G - G  362
319  A - A  363
320  C - C  364
321  C   T  365
322  C   A  366
323  T - T  367
324  T   C  368
325  C - C  369
326  C - C  370
327  A - A  371
328  A - A  372
329  A - A  373
330  T - T  374
331  G - G  375
332  C   T  376
333  G - G  377
334  T - T  378
335  C - C  379
336  G - G  380
337  T   C  381
338  G - G  382
339  G - G  383
340  C - C  384
341  C - C  385
342  C - C  386
343  C - C  387
344  C   T  388
345  T - T  389
346  T - T  390
347  T   A  391
348  A - A  392
349  A - A  393
350  A - A  394
351  A - A  395
352  A - A  396
353  A - A  397
354  G - G  398
355  C - C  399
356  T - T  400
357  G - G  401
358  G   A  402
359  G - G  403
360  C - C  404
361  A - A  405
362  G - G  406
363  G - G  407
364  G   |
365  C   |
366  T   |
367  T   |
368  T   |
369  T   |
370  T   |
371  T   |
372  T   |
373  T   |
374  T   |
375  T   |
376  T   |
377  T   |
378  T   |
379  T   |
380  T   |
381  T   |
382  T   |
383  T   |
384  T   |
385  T   |
386  T   |
387  T   |
388  T   |
389  T   |
390  T   |
391  T   |
392  T   A  408
393  T - T  409
394  T - T  410
395  T - T  411
396  T - T  412
397  T - T  413
398  T - T  414
399  T - T  415
400  T - T  416
401  T - T  417
402  T   C  418
403  T   C  419
404  T   C  420
405  T   A  421
406  T - T  422
407  G   |
408  C - C  423
409  C - C  424
410  G   C  425
411  T - T  426
412  A - A  427
413  T - T  428
414  G - G  429
415  A   T  430
416  C - C  431
417  T - T  432
418  A - A  433
419  T - T  434
420  A - A  435
421  T - T  436
422  T - T  437
423  A - A  438
424  G - G  439
425  G - G  440
426  T - T  441
427  G - G  442
428  A - A  443
429  C - C  444
430  A   G  445
431  C - C  446
432  G   A  447
433  A   G  448
434  A - A  449
435  A - A  450
436  C - C  451
437  T - T  452
438  G - G  453
439  C - C  454
440  T   C  455
441  C - C  456
442  A   G  457
443  T - T  458
444  C - C  459
445  G - G  460
446  C - C  461
447  T - T  462
448  C - C  463
449  C - C  464
450  T - T  465
451  G - G  466
452  T - T  467
453  C - C  468
454  A - A  469
455  T - T  470
456  C - C  471
457  G   C  472
458  A - A  473
459  G - G  474
460  G - G  475
461  C - C  476
462  C - C  477
463  C - C  478
464  C - C  479
465  T - T  480
466  G - G  481
467  G - G  482
468  C - C  483
469  C - C  484
470  C - C  485
471  A - A  486
472  A - A  487
473  T - T  488
474  G - G  489
475  G - G  490
476  C - C  491
477  A - A  492
478  G - G  493
479  G - G  494
480  C - C  495
481  T - T  496
482  G - G  497
483  A - A  498
484  G   A  499
485  T - T  500
     |   C  501
486  C - C  502
487  C - C  503
488  C - C  504
489  C - C  505
490  C - C  506
491  T - T  507
492  C   A  508
493  C - C  509
494  T - T  510
495  C - C  511
496  T   C  512
497  G   A  513
498  G - G  514
499  C - C  515
500  C - C  516
501  T - T  517
502  G - G  518
503  G   C  519
504  T - T  520
505  C - C  521
506  C - C  522
507  C - C  523
508  G - G  524
509  C - C  525
510  C - C  526
511  T - T  527
512  C - C  528
513  T - T  529
514  C   T  530
515  C - C  531
516  T - T  532
517  G - G  533
518  C - C  534
519  C - C  535
520  C - C  536
521  C - C  537
522  T - T  538
523  T   G  539
524  G - G  540
525  T - T  541
526  G - G  542
527  C - C  543
528  T - T  544
529  C - C  545
530  A   C  546
531  G - G  547
532  C - C  548
533  G - G  549
534  C - C  550
535  T - T  551
536  A - A  552
537  C - C  553
538  C - C  554
539  T - T  555
540  G - G  556
541  C - C  557
542  T - T  558
543  G - G  559
544  C - C  560
545  C - C  561
     |   G  562
546  C - C  563
547  G - G  564
     |   C  565
548  G - G  566
549  A   C  567
550  C - C  568
551  A - A  569
552  C - C  570
553  A - A  571
554  T - T  572
555  C - C  573
556  C - C  574
557  A - A  575
558  G - G  576
559  A   G  577
560  G - G  578
561  C - C  579
562  T   A  580
563  G - G  581
564  G   A  582
565  C   G  583
566  C   A  584
567  G - G  585
568  A   G  586
569  C - C  587
570  G - G  588
571  G - G  589
572  G - G  590
573  T - T  591
574  G - G  592
575  C - C  593
576  G - G  594
577  C - C  595
578  G - G  596
579  G - G  597
580  G - G  598
581  C - C  599
582  G - G  600
583  G - G  601
584  G - G  602
585  C - C  603
586  G - G  604
587  G - G  605
588  C - C  606
589  G - G  607
590  G - G  608
     |   G  609
591  C - C  610
592  A - A  611
593  C - C  612
594  C - C  613
595  A - A  614
596  T - T  615
597  G - G  616
598  C - C  617
599  A   G  618
600  G - G  619
601  G - G  620
602  G - G  621
603  A - A  622
604  A   G  623
605  G - G  624
606  C - C  625
607  T - T  626
608  G - G  627
     |   T  628
     |   C  629
     |   C  630
609  C - C  631
610  C - C  632
611  A - A  633
612  G - G  634
613  G - G  635
614  G - G  636
615  G   |
616  C   |
617  C   |
618  G - G  637
619  T - T  638
620  G - G  639
621  G - G  640
622  G - G  641
623  C - C  642
624  A - A  643
625  G - G  644
626  C - C  645
627  G   A  646
628  C - C  647
629  C - C  648
630  G   A  649
631  C - C  650
632  T - T  651
633  T   C  652
634  T - T  653
635  C - C  654
636  T - T  655
637  G - G  656
638  C - C  657
639  C   T  658
640  G   A  659
641  C - C  660
642  C - C  661
643  C - C  662
644  A - A  663
645  C - C  664
646  C - C  665
647  T - T  666
648  G - G  667
649  G - G  668
650  C - C  669
651  G - G  670
652  C - C  671
653  T - T  672
654  G - G  673
655  T - T  674
656  G - G  675
657  A - A  676
658  G   A  677
659  A - A  678
660  C - C  679
661  T   C  680
662  G   T  681
663  G - G  682
664  C - C  683
665  G - G  684
666  C   T  685
667  T   C  686
668  G - G  687
669  C - C  688
670  C - C  689
671  A - A  690
672  C - C  691
673  C - C  692
674  A - A  693
675  T - T  694
676  G - G  695
677  T - T  696
678  T - T  697
679  C - C  698
680  C - C  699
681  C - C  700
682  C - C  701
683  A - A  702
684  G - G  703
685  C - C  704
686  C - C  705
687  C - C  706
688  T - T  707
689  G - G  708
690  C - C  709
691  T   G  710
692  C - C  711
693  T - T  712
694  C - C  713
695  A - A  714
696  C - C  715
697  G   A  716
698  C - C  717
699  C - C  718
700  C - C  719
701  A - A  720
702  C - C  721
703  G - G  722
704  C - C  723
705  C - C  724
706  C   T  725
707  T - T  726
708  T - T  727
709  C - C  728
710  T - T  729
711  C - C  730
712  A - A  731
713  G - G  732
714  T - T  733
715  C - C  734
716  A - A  735
717  A - A  736
718  A - A  737
719  G - G  738
720  A - A  739
721  C - C  740
722  A - A  741
723  T - T  742
724  C - C  743
725  C - C  744
726  T - T  745
727  A   G  746
728  A - A  747
729  A - A  748
730  C - C  749
731  C - C  750
732  T - T  751
733  G - G  752
734  G - G  753
735  A - A  754
736  A   G  755
737  C - C  756
738  A - A  757
739  G - G  758
740  C - C  759
741  A - A  760
742  G - G  761
743  C - C  762
744  A - A  763
745  G - G  764
746  C - C  765
747  G - G  766
748  C   T  767
749  A - A  768
750  G - G  769
751  C - C  770
752  C - C  771
753  T - T  772
754  G - G  773
755  G - G  774
756  C - C  775
757  T   |
758  G - G  776
759  C   |
760  C   |
761  G   T  777
762  C - C  778
763  C   T  779
764  G - G  780
765  G - G  781
766  A   G  782
767  G - G  783
768  A - A  784
769  G   C  785
770  C - C  786
771  T - T  787
772  C   G  788
773  T - T  789
774  C - C  790
775  T - T  791
776  G - G  792
777  C - C  793
778  C   G  794
779  C - C  795
780  G - G  796
781  C - C  797
782  C - C  798
783  T - T  799
784  G   C  800
785  G - G  801
786  A - A  802
787  G - G  803
788  G - G  804
789  C - C  805
790  G   C  806
791  A - A  807
792  C - C  808
793  C - C  809
794  C - C  810
795  T - T  811
796  G - G  812
797  G - G  813
798  C - C  814
799  G   |
800  C - C  815
801  C - C  816
802  C - C  817
803  T - T  818
     |   G  819
804  C - C  820
805  C - C  821
806  T - T  822
807  C - C  823
808  C - C  824
809  T - T  825
810  G - G  826
811  C - C  827
812  A - A  828
813  T - T  829
814  G - G  830
815  C - C  831
816  T - T  832
817  G - G  833
818  G - G  834
819  C - C  835
820  C - C  836
821  G - G  837
822  C - C  838
823  C - C  839
824  T - T  840
825  T - T  841
826  C - C  842
827  A - A  843
828  A - A  844
829  G - G  845
830  C - C  846
831  C - C  847
832  A   C  848
833  G - G  849
834  A - A  850
835  G - G  851
836  G - G  852
837  C - C  853
838  C - C  854
839  T - T  855
840  A - A  856
841  C - C  857
842  G   T  858
843  C - C  859
844  T - T  860
845  G - G  861
846  G - G  862
847  G   C  863
848  C - C  864
849  C - C  865
850  C - C  866
851  G - G  867
852  A - A  868
853  G - G  869
854  G - G  870
855  C - C  871
856  G - G  872
857  G - G  873
858  C - C  874
859  T   A  875
860  G - G  876
861  C - C  877
862  G - G  878
863  C   T  879
864  C - C  880
865  G   C  881
866  G - G  882
867  G - G  883
868  C - C  884
869  C - C  885
870  T - T  886
871  C   G  887
872  C   G  888
873  C - C  889
874  A - A  890
875  G - G  891
876  A - A  892
877  G - G  893
878  C - C  894
879  T - T  895
880  G - G  896
881  C - C  897
882  G - G  898
883  C - C  899
884  G - G  900
885  C - C  901
886  A   G  902
887  G - G  903
888  A - A  904
889  G - G  905
890  C   A  906
891  T - T  907
892  G - G  908
893  G - G  909
894  G - G  910
895  C - C  911
896  C - C  912
897  G   C  913
898  C - C  914
899  G - G  915
900  C - C  916
901  G - G  917
902  C - C  918
903  C - C  919
904  T - T  920
905  T - T  921
906  C - C  922
907  A   G  923
908  C - C  924
909  C - C  925
910  G   C  926
911  G   C  927
912  C - C  928
913  C - C  929
914  A - A  930
915  A - A  931
916  G - G  932
917  T - T  933
918  G - G  934
919  T   C  935
920  G   T  936
921  C - C  937
922  G   T  938
923  T   C  939
924  C - C  940
925  T - T  941
926  G - G  942
927  C   |
928  C - C  943
929  T - T  944
930  T - T  945
931  T - T  946
932  C - C  947
933  C - C  948
934  C - C  949
     |   A  950
935  G - G  951
936  C - C  952
937  C - C  953
938  G - G  954
939  C - C  955
940  C - C  956
941  C - C  957
942  C - C  958
943  C - C  959
944  G   A  960
945  C - C  961
946  C   A  962
947  T - T  963
948  T - T  964
949  C   T  965
950  T - T  966
951  A - A  967
952  T   C  968
953  C - C  969
954  C - C  970
955  A   G  971
956  C   G  972
957  G - G  973
958  T   A  974
959  G - G  975
960  C - C  976
961  C - C  977
962  T - T  978
963  A - A  979
964  C - C  980
965  A   G  981
966  G - G  982
967  C   T  983
968  G - G  984
969  A - A  985
970  C - C  986
971  C - C  987
972  C - C  988
973  C   T  989
974  G - G  990
975  A - A  991
976  C - C  992
977  C - C  993
978  C - C  994
979  A - A  995
980  G - G  996
981  C - C  997
982  C - C  998
983  A - A  999
984  A - A  1000
985  G   A  1001
986  G - G  1002
987  A - A  1003
988  C - C  1004
989  C - C  1005
990  C - C  1006
991  T - T  1007
992  A   C  1008
993  G - G  1009
994  A   G  1010
995  G - G  1011
996  C - C  1012
997  C   G  1013
998  G - G  1014
999  A - A  1015
1000  A   T  1016
1001  A - A  1017
1002  A - A  1018
1003  G   A  1019
1004  A - A  1020
1005  A - A  1021
1006  A - A  1022
1007  G - G  1023
1008  G - G  1024
1009  T - T  1025
1010  G   A  1026
1011  A - A  1027
1012  G - G  1028
1013  G - G  1029
1014  A - A  1030
1015  G   |
1016  G - G  1031
1017  A - A  1032
1018  A - A  1033
1019  A   C  1034
1020  C - C  1035
1021  A   T  1036
1022  C - C  1037
1023  A - A  1038
1024  G   A  1039
1025  G - G  1040
1026  C - C  1041
1027  C   |
1028  C   |
1029  C   |
1030  C   |
1031  T   |
1032  T - T  1042
1033  C - C  1043
1034  T - T  1044
1035  C   T  1045
1036  C - C  1046
1037  C - C  1047
1038  C - C  1048
1039  T - T  1049
1040  C   T  1050
1041  C - C  1051
1042  T - T  1052
1043  G - G  1053
1044  G - G  1054
     |   A  1055
1045  G   A  1056
1046  T - T  1057
1047  C - C  1058
1048  G - G  1059
1049  C - C  1060
1050  T - T  1061
1051  T - T  1062
1052  T - T  1063
1053  C - C  1064
     |   A  1065
     |   T  1066
1054  G - G  1067
1055  T - T  1068
1056  C - C  1069
1057  C - C  1070
     |   A  1071
     |   A  1072
     |   A  1073
     |   A  1074
     |   C  1075
     |   C  1076
     |   C  1077
     |   T  1078
     |   G  1079
     |   A  1080
     |   G  1081
1058  C - C  1082
1059  C - C  1083
1060  A - A  1084
1061  A - A  1085
1062  G - G  1086
1063  A - A  1087
1064  A - A  1088
1065  A - A  1089
1066  C - C  1090
1067  T   C  1091
1068  C - C  1092
1069  A - A  1093
1070  G   |
1071  G - G  1094
1072  G - G  1095
1073  C - C  1096
1074  C - C  1097
1075  A   |
1076  G   T  1098
1077  G - G  1099
1078  A - A  1100
1079  G   |
1080  G   C  1101
1081  A - A  1102
1082  G - G  1103
1083  G   T  1104
1084  A - A  1105
1085  G - G  1106
1086  A   |
1087  C - C  1107
1088  A   T  1108
1089  C - C  1109
1090  G   |
1091  C   A  1110
1092  G - G  1111
1093  C   T  1112
1094  C - C  1113
1095  C - C  1114
1096  T   |
1097  T   |
1098  G - G  1115
1099  G - G  1116
1100  G - G  1117
1101  C   G  1118
1102  C   T  1119
1103  G - G  1120
1104  A - A  1121
1105  G   A  1122
1106  G - G  1123
1107  G - G  1124
1108  C - C  1125
1109  T - T  1126
1110  G - G  1127
1111  G - G  1128
1112  G - G  1129
1113  C - C  1130
1114  T   |
1115  G   |
1116  C   |
1117  G   |
1118  G - G  1131
1119  C - C  1132
1120  G - G  1133
1121  G - G  1134
1122  G - G  1135
1123  G - G  1136
1124  G   A  1137
1125  G - G  1138
1126  T - T  1139
1127  T - T  1140
1128  C   T  1141
1129  A   G  1142
1130  G - G  1143
1131  A - A  1144
1132  A   G  1145
1133  T - T  1146
1134  G   A  1147
1135  T - T  1148
1136  A - A  1149
1137  A - A  1150
1138  G - G  1151
1139  A - A  1152
1140  T - T  1153
1141  G   |
1142  C   |
1143  C   |
1144  T   |
1145  G   |
1146  G   |
1147  T   |
1148  G   |
1149  T   |
1150  T   |
1151  G   |
1152  T - T  1154
1153  C   |
1154  G   |
1155  C - C  1155
1156  C - C  1156
1157  A - A  1157
1158  G - G  1158
1159  G - G  1159
1160  C - C  1160
1161  T - T  1161
1162  C   |
1163  C   |
1164  C   |
1165  G   |
1166  C   |
1167  G - G  1162
1168  C   T  1163
1169  C - C  1164
1170  C - C  1165
1171  C - C  1166
1172  G - G  1167
1173  C - C  1168
     |   A  1169
1174  G - G  1170
1175  T - T  1171
1176  C   |
1177  C - C  1172
1178  A - A  1173
1179  A   G  1174
1180  T - T  1175
1181  C - C  1176
1182  G   C  1177
1183  G - G  1178
1184  A - A  1179
1185  G   A  1180
1186  G - G  1181
1187  T - T  1182
1188  T - T  1183
1189  C   T  1184
1190  A - A  1185
1191  G - G  1186
1192  A - A  1187
1193  G - G  1188
1194  G - G  1189
1195  A   G  1190
1196  A - A  1191
1197  A - A  1192
1198  T   C  1193
1199  G - G  1194
1200  C - C  1195
1201  C - C  1196
1202  G - G  1197
1203  G   A  1198
1204  A - A  1199
1205  T - T  1200
1206  T - T  1201
1207  G   T  1202
1208  A - A  1203
1209  A   G  1204
1210  A - A  1205
1211  G - G  1206
1212  G - G  1207
1213  A   G  1208
1214  T - T  1209
1215  C - C  1210
1216  A - A  1211
1217  G - G  1212
1218  A   |
1219  A   |
1220  G   |
1221  C   |
1222  A   |
1223  A   |
1224  G - G  1213
1225  A - A  1214
1226  G   |
1227  A - A  1215
1228  C   |
1229  C   |
1230  A - A  1216
1231  A - A  1217
1232  A - A  1218
1233  A - A  1219
1234  A   G  1220
1235  A - A  1221
1236  C   A  1222
1237  G - G  1223
1238  T   |
1239  T   |
1240  T   |
1241  C   |
1242  C   |
1243  C   |
1244  C   |
1245  C   |
1246  C   |
1247  G - G  1224
1248  G - G  1225
1249  C   |
1250  C   |
1251  T   |
1252  A   |
1253  A - A  1226
1254  C   G  1227
1255  A - A  1228
1256  A   G  1229
1257  A - A  1230
1258  G - G  1231
1259  C   |
1260  C   |
1261  C   |
1262  C   A  1232
1263  G - G  1233
1264  G   A  1234
1265  G - G  1235
1266  C   A  1236
1267  G - G  1237
1268  G - G  1238
1269  C   |
1270  T   |
1271  T   |
1272  C   |
1273  G   |
1274  G   |
1275  C   |
1276  T   |
1277  C   |
1278  T   |
1279  G   |
1280  C   |
1281  T   |
1282  C   |
1283  C   |
1284  T   |
1285  G - G  1239
1286  G   A  1240
1287  G - G  1241
1288  T   |
1289  C   |
1290  T   |
1291  G   |
1292  G   |
1293  T   |
1294  A - A  1242
1295  G - G  1243
1296  G   |
1297  A   |
1298  A - A  1244
1299  G - G  1245
1300  T   |
1301  T - T  1246
1302  G - G  1247
1303  A - A  1248
1304  G - G  1249
1305  A - A  1250
1306  A   G  1251
1307  A - A  1252
1308  T   |
1309  C   |
1310  G   |
1311  G - G  1253
1312  T - T  1254
1313  T   |
1314  T   |
1315  A   |
1316  T   |
1317  G   |
1318  G - G  1255
1319  T   |
1320  A - A  1256
1321  G - G  1257
1322  A - A  1258
1323  C   G  1259
1324  A   T  1260
1325  G - G  1261
1326  A   |
1327  A   |
1328  C   |
1329  A - A  1262
1330  G - G  1263
1331  A - A  1264
1332  G - G  1265
1333  A - A  1266
1334  G - G  1267
1335  A   |
1336  C   |
1337  A   |
1338  A - A  1268
1339  G - G  1269
1340  C   |
1341  A - A  1270
1342  G - G  1271
1343  A - A  1272
1344  T   |
1345  A   |
1346  A   |
1347  T   |
1348  C   |
1349  T   |
1350  C   |
1351  T   |
1352  G   |
1353  T   |
1354  T   |
1355  T   |
1356  T   |
1357  T   |
1358  A   |
1359  A   |
1360  A   |
1361  T   |
1362  C   |
1363  T   |
1364  C   |
1365  C   |
1366  T   |
1367  T   |
1368  T   |
1369  G   |
1370  G - G  1273
1371  A - A  1274
1372  T   |
1373  T   |
1374  T   |
1375  A   |
1376  C   |
1377  G - G  1275
1378  A   |
1379  A   |
1380  T   |
1381  C   |
1382  T   |
1383  T   |
1384  T   |
1385  T   |
1386  T   |
1387  A   |
1388  A   |
1389  A - A  1276
1390  G - G  1277
1391  A - A  1278
1392  T   |
1393  C   |
1394  T   |
1395  G - G  1279
1396  A - A  1280
1397  T   |
1398  G - G  1281
1399  A - A  1282
1400  G - G  1283
1401  A - A  1284
1402  A   |
1403  C   |
1404  C   |
1405  G - G  1285
1406  C   |
1407  T   |
1408  A   |
1409  A   |
1410  A - A  1286
1411  C   |
1412  A - A  1287
1413  G - G  1288
1414  A   |
1415  A   |
1416  A - A  1289
1417  T - T  1290
1418  T - T  1291
1419  G   A  1292
1420  A - A  1293
1421  A - A  1294
1422  A - A  1295
1423  T - T  1296
1424  G - G  1297
1425  T - T  1298
1426  T - T  1299
1427  G - G  1300
     |   T  1301
     |   T  1302
     |   T  1303
     |   T  1304
     |   C  1305
     |   G  1306
     |   G  1307
     |   C  1308
1428  C - C  1309
1429  T - T  1310
     |   A  1311
1430  C - C  1312
1431  A - A  1313
     |   A  1314
     |   A  1315
     |   A  1316
     |   C  1317
     |   C  1318
1432  C - C  1319
1433  C - C  1320
1434  A - A  1321
1435  G - G  1322
     |   T  1323
     |   A  1324
     |   G  1325
     |   G  1326
     |   T  1327
     |   T  1328
     |   A  1329
     |   G  1330
     |   G  1331
     |   G  1332
     |   C  1333
     |   C  1334
     |   T  1335
     |   T  1336
     |   G  1337
     |   T  1338
     |   T  1339
     |   C  1340
     |   T  1341
     |   T  1342
     |   G  1343
     |   G  1344
     |   A  1345
     |   T  1346
     |   C  1347
     |   T  1348
     |   G  1349
     |   T  1350
     |   T  1351
1436  A - A  1352
1437  C - C  1353
     |   A  1354
     |   A  1355
     |   A  1356
     |   G  1357
     |   T  1358
     |   T  1359
     |   A  1360
1438  A - A  1361
1439  G - G  1362
1440  C - C  1363
1441  T - T  1364
     |   A  1365
1442  T - T  1366
     |   C  1367
1443  T - T  1368
     |   A  1369
     |   A  1370
     |   C  1371
     |   A  1372
     |   A  1373
1444  T - T  1374
     |   C  1375
     |   C  1376
1445  G - G  1377
1446  C - C  1378
1447  G - G  1379
1448  T - T  1380
     |   T  1381
     |   A  1382
     |   G  1383
     |   A  1384
1449  A - A  1385
1450  C - C  1386
1451  A - A  1387
1452  A - A  1388
     |   A  1389
     |   T  1390
     |   C  1391
     |   T  1392
1453  T - T  1393
1454  C - C  1394
1455  G - G  1395
     |   T  1396
     |   A  1397
     |   C  1398
     |   T  1399
     |   G  1400
     |   G  1401
     |   A  1402
1456  G - G  1403
1457  A - A  1404
1458  G - G  1405
     |   T  1406
     |   T  1407
     |   A  1408
     |   A  1409
     |   A  1410
     |   A  1411
     |   T  1412
     |   C  1413
     |   T  1414
     |   C  1415
     |   T  1416
     |   T  1417
     |   C  1418
     |   C  1419
     |   A  1420
1459  G - G  1421
1460  A - A  1422
     |   T  1423
     |   T  1424
     |   T  1425
     |   G  1426
     |   G  1427
1461  G - G  1428
1462  G - G  1429
1463  G - G  1430
1464  T - T  1431
     |   A  1432
     |   C  1433
     |   T  1434
     |   T  1435
     |   T  1436
     |   G  1437
     |   A  1438
     |   G  1439
     |   A  1440
1465  C - C  1441
     |   A  1442
1466  C - C  1443
1467  T - T  1444
1468  G - G  1445
     |   A  1446
1469  G - G  1447
1470  A - A  1448
     |   A  1449
     |   C  1450
     |   T  1451
     |   G  1452
     |   C  1453
     |   T  1454
     |   A  1455
     |   A  1456
     |   A  1457
     |   C  1458
1471  C - C  1459
     |   G  1460
     |   A  1461
     |   A  1462
     |   A  1463
     |   G  1464
1472  C - C  1465
1473  T - T  1466
1474  T - T  1467
     |   A  1468
     |   G  1469
     |   C  1470
     |   C  1471
     |   C  1472
     |   C  1473
     |   G  1474
     |   T  1475
     |   G  1476
     |   T  1477
     |   A  1478
     |   T  1479
     |   C  1480
1475  C - C  1481
1476  T - T  1482
     |   G  1483
     |   G  1484
     |   G  1485
     |   C  1486
     |   C  1487
1477  T - T  1488
1478  T - T  1489
1479  C   G  1490
1480  T - T  1491
1481  G - G  1492
1482  C   T  1493
1483  A - A  1494
1484  G - G  1495
1485  C - C  1496
1486  C - C  1497
1487  C - C  1498
1488  A - A  1499
1489  C - C  1500
1490  C - C  1501
1491  C - C  1502
1492  A   |
1493  C   |
1494  G   |
1495  A   |
1496  C   |
1497  C   |
1498  C   |
1499  G   |
1500  G   |
1501  G   |
1502  T   |
1503  T   |
1504  T   |
1505  C   |
1506  T   |
1507  G   |
1508  G   |
1509  T - T  1503
1510  G - G  1504
1511  C - C  1505
1512  C - C  1506
1513  T - T  1507
1514  T - T  1508
1515  T - T  1509
1516  C - C  1510
1517  T - T  1511
     |   G  1512
     |   G  1513
     |   G  1514
     |   C  1515
     |   C  1516
1518  T - T  1517
1519  T - T  1518
     |   G  1519
     |   C  1520
     |   C  1521
     |   T  1522
     |   C  1523
1520  C - C  1524
1521  T - T  1525
1522  T - T  1526
1523  T - T  1527
1524  G - G  1528
1525  C   T  1529
1526  G - G  1530
1527  C - C  1531
1528  C - C  1532
1529  A - A  1533
1530  G   A  1534
1531  G   A  1535
1532  A - A  1536
1533  A   G  1537
1534  A - A  1538
1535  G - G  1539
1536  T   A  1540
1537  G - G  1541
1538  G - G  1542
1539  A - A  1543
1540  G - G  1544
1541  T - T  1545
1542  C - C  1546
1543  T - T  1547
1544  G - G  1548
1545  G - G  1549
1546  G - G  1550
1547  A   |
1548  T   |
1549  C   |
1550  G - G  1551
1551  A - A  1552
1552  G   |
1553  G   |
1554  G   |
1555  C - C  1553
1556  C - C  1554
1557  T   |
1558  T   |
1559  G   |
1560  A   |
1561  T   |
1562  T   |
1563  T   |
1564  T   |
1565  A   |
1566  A   |
1567  A   |
1568  A   |
1569  T   |
1570  G - G  1555
1571  G - G  1556
1572  G - G  1557
1573  A   |
1574  T - T  1558
1575  A   |
1576  C   |
1577  T - T  1559
1578  G - G  1560
1579  C   |
1580  G   |
1581  G   |
1582  A   |
1583  C   |
1584  C   |
1585  C   |
1586  T   |
1587  C   |
1588  A   |
1589  G   |
1590  G   |
1591  A   |
1592  A   |
1593  T   |
1594  C   |
1595  T - T  1561
1596  G - G  1562
1597  A - A  1563
1598  C   |
1599  T   |
1600  T   |
1601  C   |
1602  A   |
1603  C   |
1604  T   |
1605  T   |
1606  T   |
1607  A   |
1608  T   |
1609  T   |
1610  T - T  1564
1611  T - T  1565
1612  T - T  1566
1613  T - T  1567
1614  C   |
1615  A   |
1616  G   |
1617  C   |
1618  A   |
1619  C   |
1620  A   |
1621  A   |
1622  C   |
1623  T   |
1624  T   |
1625  G   |
1626  C   |
1627  C   |
1628  G   |
1629  G   |
1630  C   |
1631  G   |
1632  C   |
1633  G   |
1634  G   |
1635  C   |
1636  C   |
1637  A   |
1638  G   |
1639  G   |
1640  G   |
1641  C   |
1642  G   |
1643  G - G  1568
1644  A - A  1569
1645  G - G  1570
1646  A - A  1571
1647  G   T  1572
1648  G - G  1573
1649  T   |
1650  T   |
1651  C   |
1652  C   |
1653  C   |
1654  T   |
1655  C - C  1574
1656  G - G  1575
1657  T   |
1658  G   |
1659  G   |
1660  A   |
1661  A   |
1662  A   |
1663  A   |
1664  G   |
1665  T   |
1666  T   |
1667  A   |
1668  G   |
1669  G   |
1670  A   |
1671  A   |
1672  A - A  1576
1673  T - T  1577
1674  G - G  1578
1675  C - C  1579
1676  T - T  1580
1677  G - G  1581
1678  C - C  1582
1679  G - G  1583
1680  C   |
1681  T   |
1682  A   |
1683  C   |
1684  C   |
1685  G   |
1686  C   |
1687  G   |
1688  G   |
1689  G   |
1690  C   |
1691  A   |
1692  C   |
1693  A   |
1694  A   |
1695  G   |
1696  G   |
1697  G   |
1698  A   |
1699  G   |
1700  T   |
1701  G   |
1702  G   |
1703  A   |
1704  C   |
1705  G   |
1706  A   |
1707  G   |
1708  A   |
1709  T   |
1710  G   |
1711  A   |
1712  G   |
1713  T   |
1714  G   |
1715  C   |
1716  G   |
1717  G   |
1718  G   |
1719  A   |
1720  T   |
1721  C   |
1722  A   |
1723  T   |
1724  C   |
1725  C   |
1726  C   |
1727  G   |
1728  C   |
1729  A   |
1730  G   |
1731  G - G  1584
1732  C   |
1733  C   |
1734  A - A  1585
1735  T - T  1586
1736  C - C  1587
1737  C - C  1588
1738  C - C  1589
1739  A - A  1590
1740  G - G  1591
1741  G - G  1592
1742  A - A  1593
1743  T   G  1594
1744  C - C  1595
     |   T  1596
1745  G - G  1597
1746  G - G  1598
1747  G - G  1599
1748  G - G  1600
     |   T  1601
1749  A   T  1602
1750  G - G  1603
1751  G - G  1604
     |   C  1605
     |   T  1606
     |   T  1607
     |   T  1608
1752  G - G  1609
     |   T  1610
     |   T  1611
     |   T  1612
     |   T  1613
     |   T  1614
     |   C  1615
     |   T  1616
1753  A - A  1617
1754  G - G  1618
     |   T  1619
     |   A  1620
     |   C  1621
     |   A  1622
     |   A  1623
     |   T  1624
     |   C  1625
1755  G   T  1626
1756  C - C  1627
1757  C - C  1628
1758  G   A  1629
1759  G - G  1630
1760  C   G  1631
1761  C - C  1632
1762  C   A  1633
1763  C   G  1634
1764  G - G  1635
1765  C   A  1636
1766  T - T  1637
     |   C  1638
     |   A  1639
     |   G  1640
1767  G - G  1641
1768  C - C  1642
1769  A - A  1643
1770  G - G  1644
1771  A - A  1645
1772  A - A  1646
1773  A - A  1647
     |   T  1648
     |   T  1649
     |   C  1650
     |   C  1651
     |   T  1652
     |   T  1653
     |   T  1654
     |   C  1655
     |   T  1656
1774  G - G  1657
1775  G - G  1658
1776  G - G  1659
1777  G   A  1660
1778  C   A  1661
1779  C - C  1662
1780  T - T  1663
1781  T   G  1664
1782  C   T  1665
1783  T - T  1666
1784  G - G  1667
1785  G - G  1668
1786  G - G  1669
1787  A - A  1670
     |   A  1671
     |   A  1672
     |   T  1673
     |   A  1674
     |   C  1675
     |   G  1676
1788  G - G  1677
     |   A  1678
1789  A - A  1679
1790  C - C  1680
     |   G  1681
     |   A  1682
     |   A  1683
     |   T  1684
     |   A  1685
     |   A  1686
     |   A  1687
     |   G  1688
     |   A  1689
1791  C - C  1690
1792  C   A  1691
1793  C - C  1692
1794  C   T  1693
1795  C   G  1694
1796  A - A  1695
1797  G - G  1696
     |   A  1697
     |   A  1698
1798  C   G  1699
1799  C   T  1700
1800  C   G  1701
1801  A - A  1702
1802  A - A  1703
1803  G - G  1704
     |   A  1705
1804  G - G  1706
1805  C - C  1707
1806  A - A  1708
1807  G - G  1709
1808  G - G  1710
1809  A   C  1711
1810  G   T  1712
1811  C   T  1713
1812  C - C  1714
1813  C - C  1715
1814  G - G  1716
     |   A  1717
     |   A  1718
     |   G  1719
     |   G  1720
     |   T  1721
1815  G - G  1722
1816  G - G  1723
     |   C  1724
1817  C - C  1725
1818  G - G  1726
     |   A  1727
     |   A  1728
     |   T  1729
     |   A  1730
     |   C  1731
     |   C  1732
     |   A  1733
     |   A  1734
1819  A - A  1735
1820  T - T  1736
     |   A  1737
1821  T - T  1738
1822  C - C  1739
1823  C   T  1740
1824  C - C  1741
     |   A  1742
     |   G  1743
     |   A  1744
     |   G  1745
     |   T  1746
     |   A  1747
1825  G - G  1748
1826  G - G  1749
1827  G - G  1750
1828  A - A  1751
     |   G  1752
     |   A  1753
     |   G  1754
     |   G  1755
1829  G - G  1756
1830  G - G  1757
1831  C - C  1758
1832  C   T  1759
1833  G   C  1760
1834  C - C  1761
1835  A   T  1762
1836  G - G  1763
1837  G - G  1764
1838  C - C  1765
     |   C  1766
     |   A  1767
1839  G - G  1768
1840  C - C  1769
1841  T - T  1770
     |   C  1771
     |   A  1772
     |   C  1773
     |   A  1774
     |   G  1775
     |   A  1776
     |   A  1777
1842  G - G  1778
1843  G - G  1779
     |   A  1780
1844  G - G  1781
1845  C - C  1782
     |   A  1783
     |   G  1784
     |   G  1785
1846  G - G  1786
1847  A - A  1787
1848  A - A  1788
1849  G - G  1789
1850  C   T  1790
1851  G   C  1791
1852  C - C  1792
1853  T   C  1793
1854  G   A  1794
1855  G - G  1795
1856  G - G  1796
1857  C - C  1797
1858  G   C  1798
1859  A   C  1799
1860  A - A  1800
1861  G - G  1801
1862  G   A  1802
1863  G   T  1803
1864  C - C  1804
1865  C - C  1805
     |   T  1806
     |   G  1807
     |   T  1808
1866  G - G  1809
1867  C - C  1810
1868  T - T  1811
     |   G  1812
     |   A  1813
     |   G  1814
     |   T  1815
     |   A  1816
     |   A  1817
     |   A  1818
1869  G - G  1819
1870  C - C  1820
1871  C - C  1821
1872  A - A  1822
1873  G - G  1823
     |   A  1824
     |   G  1825
     |   A  1826
     |   G  1827
     |   G  1828
     |   C  1829
1874  C - C  1830
1875  C - C  1831
     |   A  1832
     |   A  1833
     |   T  1834
1876  G - G  1835
1877  G - G  1836
     |   T  1837
     |   T  1838
     |   T  1839
     |   C  1840
     |   T  1841
     |   G  1842
     |   C  1843
1878  G - G  1844
1879  A - A  1845
1880  G - G  1846
     |   T  1847
     |   T  1848
1881  A - A  1849
1882  G - G  1850
1883  A - A  1851
     |   G  1852
     |   G  1853
1884  A - A  1854
     |   C  1855
     |   G  1856
1885  T - T  1857
1886  T - T  1858
1887  C - C  1859
1888  A   C  1860
1889  T - T  1861
1890  A - A  1862
1891  G - G  1863
1892  G - G  1864
1893  T - T  1865
1894  T - T  1866
1895  T - T  1867
     |   T  1868
     |   C  1869
1896  G   C  1870
1897  T   C  1871
1898  T - T  1872
1899  G - G  1873
1900  A   |
1901  G - G  1874
1902  G - G  1875
1903  A - A  1876
1904  G - G  1877
1905  C - C  1878
1906  A - A  1879
1907  G - G  1880
1908  A - A  1881
1909  G - G  1882
     |   A  1883
     |   G  1884
     |   A  1885
     |   A  1886
     |   G  1887
1910  G - G  1888
     |   T  1889
1911  C - C  1890
1912  C - C  1891
     |   A  1892
     |   G  1893
     |   G  1894
     |   A  1895
     |   A  1896
     |   C  1897
     |   A  1898
     |   T  1899
1913  T - T  1900
1914  G - G  1901
1915  G - G  1902
     |   A  1903
1916  G - G  1904
1917  A - A  1905
     |   A  1906
     |   G  1907
     |   G  1908
1918  A - A  1909
1919  C - C  1910
     |   T  1911
     |   G  1912
     |   G  1913
     |   A  1914
     |   G  1915
     |   G  1916
     |   A  1917
     |   G  1918
     |   G  1919
     |   A  1920
     |   T  1921
     |   T  1922
     |   A  1923
     |   G  1924
1920  A - A  1925
1921  A - A  1926
     |   C  1927
     |   T  1928
     |   T  1929
1922  A - A  1930
1923  T - T  1931
1924  T - T  1932
     |   G  1933
     |   C  1934
     |   T  1935
     |   A  1936
     |   C  1937
     |   C  1938
     |   A  1939
     |   A  1940
     |   C  1941
1925  C - C  1942
1926  G - G  1943
1927  G - G  1944
     |   A  1945
     |   A  1946
     |   T  1947
     |   C  1948
     |   C  1949
     |   C  1950
1928  G - G  1951
1929  C - C  1952
     |   A  1953
1930  G - G  1954
1931  G - G  1955
1932  G - G  1956
1933  C - C  1957
     |   T  1958
     |   G  1959
     |   G  1960
     |   T  1961
     |   G  1962
     |   T  1963
     |   A  1964
     |   G  1965
1934  A - A  1966
     |   G  1967
     |   G  1968
     |   C  1969
     |   C  1970
     |   T  1971
     |   C  1972
     |   T  1973
     |   G  1974
     |   T  1975
     |   C  1976
     |   C  1977
     |   T  1978
     |   C  1979
     |   C  1980
     |   T  1981
     |   C  1982
1935  C - C  1983
1936  G - G  1984
1937  G - G  1985
     |   G  1986
     |   T  1987
     |   A  1988
1938  C - C  1989
     |   T  1990
     |   G  1991
1939  G - G  1992
1940  G - G  1993
     |   A  1994
     |   A  1995
     |   G  1996
     |   T  1997
1941  C - C  1998
1942  T   C  1999
1943  A - A  2000
1944  G - G  2001
1945  A - A  2002
1946  A - A  2003
     |   G  2004
     |   C  2005
1947  C - C  2006
     |   A  2007
1948  T - T  2008
1949  G - G  2009
     |   C  2010
     |   C  2011
     |   A  2012
     |   A  2013
     |   C  2014
1950  A - A  2015
1951  T - T  2016
1952  C - C  2017
     |   A  2018
1953  G - G  2019
1954  C - C  2020
1955  T - T  2021
     |   G  2022
     |   A  2023
     |   C  2024
     |   C  2025
     |   A  2026
     |   C  2027
     |   C  2028
     |   C  2029
     |   G  2030
     |   A  2031
     |   G  2032
     |   G  2033
     |   G  2034
     |   A  2035
     |   C  2036
     |   A  2037
     |   A  2038
1956  A - A  2039
1957  C - C  2040
1958  C - C  2041
     |   G  2042
     |   G  2043
     |   A  2044
     |   G  2045
     |   T  2046
     |   A  2047
     |   T  2048
     |   T  2049
     |   C  2050
     |   C  2051
     |   T  2052
     |   A  2053
     |   A  2054
     |   T  2055
     |   G  2056
     |   T  2057
1959  A - A  2058
1960  A - A  2059
1961  T - T  2060
1962  T - T  2061
     |   C  2062
     |   A  2063
     |   C  2064
     |   T  2065
     |   C  2066
1963  C - C  2067
1964  G - G  2068
1965  A - A  2069
1966  G - G  2070
     |   C  2071
     |   A  2072
     |   T  2073
     |   C  2074
     |   C  2075
     |   T  2076
     |   C  2077
     |   A  2078
     |   T  2079
1967  G - G  2080
1968  A - A  2081
     |   C  2082
     |   T  2083
     |   T  2084
     |   T  2085
     |   A  2086
     |   T  2087
     |   T  2088
     |   T  2089
     |   T  2090
     |   C  2091
     |   T  2092
     |   T  2093
     |   T  2094
     |   G  2095
     |   C  2096
1969  A - A  2097
1970  G - G  2098
1971  C - C  2099
1972  C - C  2100
1973  A - A  2101
1974  G - G  2102
1975  C   A  2103
1976  A - A  2104
1977  A - A  2105
1978  G   A  2106
1979  G - G  2107
1980  C - C  2108
     |   T  2109
     |   A  2110
     |   A  2111
1981  A - A  2112
1982  G - G  2113
1983  G   C  2114
1984  T - T  2115
     |   A  2116
     |   A  2117
     |   A  2118
1985  T - T  2119
1986  C - C  2120
1987  C - C  2121
     |   C  2122
     |   A  2123
     |   G  2124
     |   A  2125
     |   C  2126
     |   T  2127
     |   G  2128
     |   T  2129
     |   T  2130
     |   A  2131
     |   A  2132
1988  G - G  2133
1989  A - A  2134
1990  G - G  2135
1991  G   A  2136
1992  C   A  2137
1993  C - C  2138
1994  G - G  2139
1995  C - C  2140
     |   T  2141
     |   A  2142
     |   A  2143
1996  C - C  2144
1997  T - T  2145
     |   A  2146
     |   T  2147
     |   C  2148
     |   C  2149
     |   G  2150
     |   G  2151
     |   G  2152
     |   G  2153
     |   A  2154
     |   A  2155
     |   G  2156
     |   A  2157
     |   G  2158
1998  G - G  2159
1999  C   T  2160
2000  C - C  2161
     |   T  2162
     |   G  2163
     |   G  2164
     |   G  2165
     |   A  2166
     |   T  2167
     |   A  2168
     |   G  2169
     |   G  2170
     |   G  2171
2001  C - C  2172
2002  A   G  2173
2003  C - C  2174
2004  C - C  2175
2005  C - C  2176
2006  G - G  2177
2007  C   |
2008  A - A  2178
2009  G - G  2179
2010  C   A  2180
2011  T - T  2181
     |   T  2182
     |   T  2183
     |   C  2184
2012  T - T  2185
2013  C - C  2186
2014  T - T  2187
2015  T - T  2188
2016  G - G  2189
     |   T  2190
     |   T  2191
     |   T  2192
     |   T  2193
     |   G  2194
     |   T  2195
     |   T  2196
     |   T  2197
     |   T  2198
     |   G  2199
     |   T  2200
     |   C  2201
     |   C  2202
     |   A  2203
     |   A  2204
2017  G - G  2205
2018  A   C  2206
2019  C - C  2207
2020  A - A  2208
2021  C - C  2209
     |   T  2210
     |   T  2211
     |   A  2212
     |   G  2213
     |   G  2214
     |   C  2215
     |   A  2216
     |   T  2217
     |   T  2218
     |   T  2219
     |   C  2220
     |   C  2221
     |   C  2222
     |   A  2223
     |   G  2224
     |   A  2225
2022  T - T  2226
2023  G - G  2227
2024  C - C  2228
2025  G - G  2229
2026  C - C  2230
2027  A - A  2231
     |   A  2232
     |   T  2233
     |   T  2234
     |   G  2235
     |   C  2236
     |   G  2237
     |   C  2238
     |   C  2239
     |   A  2240
     |   A  2241
     |   C  2242
     |   A  2243
     |   T  2244
     |   C  2245
     |   G  2246
2028  A - A  2247
2029  A - A  2248
2030  C - C  2249
2031  C - C  2250
     |   G  2251
     |   A  2252
     |   G  2253
2032  C - C  2254
     |   G  2255
2033  T   A  2256
2034  G - G  2257
2035  C - C  2258
     |   C  2259
     |   C  2260
     |   G  2261
2036  T - T  2262
2037  G - G  2263
     |   C  2264
     |   A  2265
     |   C  2266
     |   T  2267
2038  C - C  2268
2039  G - G  2269
2040  G - G  2270
2041  C - C  2271
2042  C   G  2272
2043  A - A  2273
     |   T  2274
     |   T  2275
2044  G   A  2276
2045  G - G  2277
2046  C - C  2278
2047  T - T  2279
     |   T  2280
     |   A  2281
     |   A  2282
     |   G  2283
     |   C  2284
2048  G - G  2285
2049  G - G  2286
2050  A - A  2287
2051  G - G  2288
2052  C - C  2289
     |   T  2290
     |   G  2291
     |   G  2292
     |   G  2293
     |   T  2294
2053  C   G  2295
2054  T - T  2296
2055  C - C  2297
2056  C - C  2298
2057  G - G  2299
     |   G  2300
     |   C  2301
2058  A - A  2302
2059  T - T  2303
     |   A  2304
     |   G  2305
2060  C   G  2306
2061  A - A  2307
2062  C - C  2308
2063  C - C  2309
2064  A - A  2310
2065  A   G  2311
2066  A - A  2312
2067  C   G  2313
2068  C   T  2314
2069  A   G  2315
2070  A - A  2316
2071  C   T  2317
2072  A - A  2318
2073  C - C  2319
2074  T - T  2320
2075  C - C  2321
2076  C - C  2322
2077  C - C  2323
2078  T - T  2324
2079  G - G  2325
2080  G   |
2081  C   |
2082  C   |
2083  T   |
2084  T   |
2085  C   |
2086  T   |
2087  G   |
2088  T   |
2089  T   |
2090  T   |
2091  C   |
2092  T   |
2093  T   |
2094  G   |
2095  A   |
2096  T   |
2097  T   |
2098  C - C  2326
2099  C - C  2327
2100  T   |
2101  T   |
2102  A   |
2103  A   |
2104  T   |
2105  T   |
2106  T   |
2107  T   |
2108  G   |
2109  A   |
2110  G   |
2111  A   |
2112  T   |
2113  A   |
2114  A   |
2115  G   |
2116  A - A  2328
2117  C - C  2329
2118  C   |
2119  G   |
2120  T   |
2121  C - C  2330
2122  C - C  2331
2123  C - C  2332
2124  T - T  2333
2125  A - A  2334
2126  G   |
2127  C - C  2335
2128  A - A  2336
2129  G   |
2130  T   |
2131  G   |
2132  A - A  2337
2133  G - G  2338
2134  G - G  2339
2135  C   |
2136  C   |
2137  T   |
2138  C   |
2139  G   |
2140  G   |
2141  C   |
2142  C   |
2143  T   |
2144  C   |
2145  T   |
2146  G   |
2147  T   |
2148  T   |
2149  C   |
2150  A   |
2151  T   |
2152  T   |
2153  T   |
2154  A   |
2155  A   |
2156  C   |
2157  T   |
2158  T   |
2159  C   |
2160  T   |
2161  C   |
2162  A   |
2163  A   |
2164  A   |
2165  C   |
2166  C   |
2167  A   |
2168  A   |
2169  A   |
2170  C   |
2171  T   |
2172  A   |
2173  G - G  2340
2174  C - C  2341
2175  C - C  2342
2176  C - C  2343
2177  T - T  2344
2178  A   |
2179  A   |
2180  T   |
2181  T   |
2182  C   |
2183  A   |
2184  G   |
2185  T   |
2186  T   |
2187  C   |
2188  A   |
2189  C   |
2190  C   |
2191  C   |
2192  C   |
2193  A   |
2194  G   |
2195  A   |
2196  G   |
2197  C   |
2198  A   |
2199  T   |
2200  C   |
2201  A   |
2202  C   |
2203  C   |
2204  T   |
2205  G   |
2206  G   |
2207  T   |
2208  T   |
2209  T   |
2210  T   |
2211  A   |
2212  T   |
2213  T   |
2214  T   |
2215  T   |
2216  T   |
2217  A   |
2218  T   |
2219  T   |
2220  T   |
2221  T   |
2222  T   |
2223  T   |
2224  T   |
2225  A   |
2226  T   |
2227  T   |
2228  T   |
2229  T   |
2230  T   |
2231  T   |
2232  T   |
2233  A   |
2234  T   |
2235  T   |
2236  T   |
2237  A   |
2238  T   |
2239  T   |
2240  T   |
2241  T   |
2242  T   |
2243  T   |
2244  T   |
2245  T   |
2246  T   |
2247  T   |
2248  T   |
2249  T   |
2250  T   |
2251  T   |
2252  G   |
2253  C   |
2254  A   |
2255  G   |
2256  C   |
2257  C   |
2258  T   |
2259  G   |
2260  A   |
2261  A   |
2262  A   |
2263  T   |
2264  T   |
2265  T   |
2266  T   |
2267  A   |
2268  A   |
2269  G   |
2270  T   |
2271  C   |
2272  A   |
2273  C   |
2274  C   |
2275  G   |
2276  T   |
2277  C   |
2278  T   |
2279  G   |
2280  T   |
2281  C   |
2282  T   |
2283  C   |
2284  C   |
2285  C   |
2286  T   |
2287  C   |
2288  A   |
2289  C   |
2290  C   |
2291  A   |
2292  G   |
2293  G   |
2294  G   |
2295  T   |
2296  G   |
2297  T   |
2298  G   |
2299  A   |
2300  A   |
2301  C   |
2302  T   |
2303  G   |
2304  C   |
2305  C   |
2306  C   |
2307  C   |
2308  G - G  2345
2309  A - A  2346
2310  G - G  2347
2311  G - G  2348
2312  G   |
2313  C   |
2314  A   |
2315  G   |
2316  A   |
2317  G   |
2318  A   |
2319  C   |
2320  C   |
2321  T - T  2349
2322  C - C  2350
2323  C - C  2351
2324  C - C  2352
2325  G   |
2326  T   |
2327  T   |
2328  T   |
2329  T   |
2330  G   |
2331  T   |
2332  T   |
2333  C   |
2334  T   |
2335  C   |
2336  C   |
2337  A   |
2338  G   |
2339  C   |
2340  G   |
2341  C   |
2342  C   |
2343  T   |
2344  T   |
2345  G   |
2346  A   |
2347  G   |
2348  C   |
2349  C   |
2350  A   |
2351  G   |
2352  C   |
2353  C   |
2354  T   |
2355  G   |
2356  A   |
2357  C   |
2358  T   |
2359  T   |
2360  T   |
2361  C   |
2362  T   |
2363  A   |
2364  C   |
2365  A   |
2366  A   |
2367  A   |
2368  T   |
2369  G   |
2370  C   |
2371  T   |
2372  G   |
2373  A   |
2374  G   |
2375  T   |
2376  G   |
2377  A   |
2378  G   |
2379  A   |
2380  C   |
2381  G   |
2382  T   |
2383  G   |
2384  T   |
2385  C - C  2353
2386  G - G  2354
2387  G - G  2355
2388  T   |
2389  G   |
2390  G   |
2391  C   |
2392  T   |
2393  C - C  2356
2394  C - C  2357
2395  C - C  2358
2396  A   |
2397  G   |
2398  T   |
2399  G   |
2400  C   |
2401  A   |
2402  C   |
2403  T   |
2404  T   |
2405  G   |
2406  G   |
2407  C   |
2408  A   |
2409  G   |
2410  A   |
2411  G   |
2412  T   |
2413  G   |
2414  A   |
2415  G - G  2359
2416  C - C  2360
2417  C - C  2361
2418  G - G  2362
2419  C - C  2363
2420  A   |
2421  G   |
2422  C   |
2423  C   |
2424  A   |
2425  G   |
2426  C   |
2427  T   |
2428  G   |
2429  G   |
2430  G   |
2431  C   |
2432  G   |
2433  C   |
2434  T   |
2435  C   |
2436  C   |
2437  A   |
2438  G   |
2439  G   |
2440  C   |
2441  A   |
2442  G   |
2443  G   |
2444  A   |
2445  C   |
2446  A   |
2447  C   |
2448  A   |
2449  G   |
2450  T   |
2451  G   |
2452  G   |
2453  C   |
2454  C   |
2455  T   |
2456  C   |
2457  C   |
2458  A   |
2459  C   |
2460  G   |
2461  A   |
2462  G   |
2463  G   |
2464  A   |
2465  T - T  2364
2466  C - C  2365
2467  C   |
2468  C   |
2469  T   |
2470  T - T  2366
2471  A - A  2367
2472  C   |
2473  C   |
2474  A   |
2475  T   |
2476  T   |
2477  A - A  2368
2478  C - C  2369
2479  T   |
2480  G   |
2481  T   |
2482  G   |
2483  C   |
2484  G   |
2485  G   |
2486  C   |
2487  C   |
2488  G   |
2489  C   |
2490  G   |
2491  C   |
2492  T   |
2493  C   |
2494  C   |
2495  G   |
2496  T   |
2497  A   |
2498  G   |
2499  G   |
2500  T   |
2501  C   |
2502  A   |
2503  A   |
2504  G   |
2505  C - C  2370
2506  C - C  2371
2507  G - G  2372
2508  C   |
2509  T   |
2510  C   |
2511  T   |
2512  T   |
2513  A   |
2514  C - C  2373
2515  C - C  2374
2516  A - A  2375
2517  A   |
2518  G   |
2519  C - C  2376
2520  G   |
2521  T   |
2522  C - C  2377
2523  T - T  2378
2524  C - C  2379
2525  T - T  2380
2526  C - C  2381
2527  T - T  2382
2528  G - G  2383
2529  C - C  2384
2530  C - C  2385
2531  T - T  2386
2532  C - C  2387
2533  T - T  2388
2534  C - C  2389
2535  T - T  2390
2536  G   |
2537  T   |
2538  T - T  2391
2539  C - C  2392
2540  C - C  2393
2541  C - C  2394
2542  C - C  2395
2543  C   T  2396
2544  T - T  2397
2545  C - C  2398
2546  A - A  2399
2547  G - G  2400
2548  A - A  2401
2549  G - G  2402
2550  C - C  2403
2551  T - T  2404
2552  G - G  2405
2553  T - T  2406
2554  G - G  2407
2555  C - C  2408
2556  G - G  2409
2557  C - C  2410
2558  G - G  2411
2559  C - C  2412
2560  T - T  2413
2561  G - G  2414
2562  C - C  2415
2563  A - A  2416
2564  G - G  2417
2565  A - A  2418
2566  A - A  2419
2567  G - G  2420
2568  G - G  2421
2569  C - C  2422
2570  G   A  2423
2571  G - G  2424
2572  T - T  2425
2573  G - G  2426
2574  G - G  2427
2575  A - A  2428
2576  G - G  2429
2577  C - C  2430
2578  T - T  2431
2579  G - G  2432
2580  G - G  2433
2581  A - A  2434
2582  G   C  2435
2583  A - A  2436
2584  A - A  2437
2585  G   A  2438
2586  A   G  2439
2587  C - C  2440
2588  A   C  2441
2589  G - G  2442
2590  A - A  2443
2591  G - G  2444
2592  G   A  2445
2593  C - C  2446
2594  G - G  2447
2595  G - G  2448
2596  A - A  2449
2597  C   T  2450
2598  A   G  2451
2599  A   G  2452
2600  C - C  2453
2601  G - G  2454
2602  C - C  2455
2603  G   C  2456
2604  G - G  2457
2605  A - A  2458
2606  G - G  2459
2607  C   A  2460
2608  G - G  2461
2609  G   A  2462
2610  C - C  2463
2611  C - C  2464
2612  C   A  2465
2613  C - C  2466
2614  G - G  2467
2615  G   C  2468
2616  G - G  2469
2617  C - C  2470
2618  G   A  2471
2619  C - C  2472
2620  G - G  2473
2621  A   G  2474
2622  C - C  2475
2623  G - G  2476
2624  G - G  2477
2625  C - C  2478
2626  G - G  2479
2627  G   A  2480
2628  A   C  2481
2629  G - G  2482
2630  G - G  2483
2631  A - A  2484
2632  A - A  2485
2633  G - G  2486
2634  C - C  2487
2635  C - C  2488
2636  G   A  2489
2637  C - C  2490
2638  G - G  2491
2639  C - C  2492
2640  G - G  2493
2641  T - T  2494
2642  G - G  2495
2643  C - C  2496
2644  T - T  2497
2645  C - C  2498
2646  T - T  2499
2647  T - T  2500
2648  C - C  2501
2649  T - T  2502
2650  C - C  2503
2651  G - G  2504
2652  C - C  2505
2653  A - A  2506
2654  G - G  2507
2655  G - G  2508
2656  C - C  2509
2657  G - G  2510
2658  C - C  2511
2659  A - A  2512
2660  G - G  2513
2661  G - G  2514
2662  T - T  2515
2663  C - C  2516
2664  T - T  2517
2665  A - A  2518
2666  T   C  2519
2667  G - G  2520
2668  A - A  2521
2669  G - G  2522
2670  C - C  2523
2671  T - T  2524
2672  G - G  2525
2673  G - G  2526
2674  A - A  2527
2675  G - G  2528
2676  C - C  2529
2677  G - G  2530
2678  G - G  2531
2679  C - C  2532
2680  G - G  2533
2681  C - C  2534
2682  T - T  2535
2683  T - T  2536
2684  C - C  2537
2685  A - A  2538
2686  A - A  2539
2687  G - G  2540
2688  C - C  2541
2689  A - A  2542
2690  G   A  2543
2691  C - C  2544
2692  A - A  2545
2693  G - G  2546
2694  C - C  2547
2695  G - G  2548
2696  G - G  2549
2697  T - T  2550
2698  A - A  2551
2699  C - C  2552
2700  C - C  2553
2701  T - T  2554
2702  G - G  2555
2703  T - T  2556
2704  C - C  2557
2705  G - G  2558
2706  G - G  2559
2707  C - C  2560
2708  C   G  2561
2709  C - C  2562
2710  C - C  2563
2711  C   A  2564
2712  G - G  2565
2713  A - A  2566
2714  A   G  2567
2715  C - C  2568
2716  G - G  2569
2717  C - C  2570
2718  G - G  2571
2719  A - A  2572
2720  C - C  2573
2721  C - C  2574
2722  A - A  2575
2723  G - G  2576
2724  C - C  2577
2725  T - T  2578
2726  G - G  2579
2727  G - G  2580
2728  C - C  2581
2729  C - C  2582
2730  A - A  2583
2731  G - G  2584
2732  C - C  2585
2733  G - G  2586
2734  T - T  2587
2735  G - G  2588
2736  C - C  2589
2737  T - T  2590
2738  G - G  2591
2739  A - A  2592
2740  A - A  2593
2741  A   G  2594
2742  C - C  2595
2743  T - T  2596
2744  C - C  2597
2745  A - A  2598
2746  C - C  2599
2747  G - G  2600
2748  T - T  2601
2749  C - C  2602
2750  C - C  2603
2751  A - A  2604
2752  C - C  2605
2753  G - G  2606
2754  C - C  2607
2755  A - A  2608
2756  G - G  2609
2757  G - G  2610
2758  T - T  2611
2759  C - C  2612
2760  A - A  2613
2761  A - A  2614
2762  G - G  2615
2763  A - A  2616
2764  T - T  2617
2765  C - C  2618
2766  T - T  2619
2767  G - G  2620
2768  G - G  2621
2769  T - T  2622
2770  T - T  2623
2771  C - C  2624
2772  C - C  2625
2773  A - A  2626
2774  G - G  2627
2775  A - A  2628
2776  A - A  2629
2777  C - C  2630
2778  C - C  2631
2779  G - G  2632
2780  G   T  2633
2781  C - C  2634
2782  G - G  2635
2783  C - C  2636
2784  T - T  2637
2785  A - A  2638
2786  C - C  2639
2787  A - A  2640
2788  A - A  2641
2789  G - G  2642
2790  T - T  2643
2791  G - G  2644
2792  C - C  2645
2793  A - A  2646
2794  A - A  2647
2795  G - G  2648
2796  C - C  2649
2797  G - G  2650
2798  G   A  2651
2799  C - C  2652
2800  A - A  2653
2801  G - G  2654
2802  C - C  2655
2803  G - G  2656
2804  G - G  2657
2805  C - C  2658
2806  A - A  2659
2807  G - G  2660
2808  G - G  2661
2809  A - A  2662
2810  C - C  2663
2811  C - C  2664
2812  A - A  2665
2813  G - G  2666
2814  A - A  2667
2815  C - C  2668
2816  T - T  2669
2817  C - C  2670
2818  T - T  2671
2819  G - G  2672
2820  G - G  2673
2821  A - A  2674
2822  G - G  2675
2823  C - C  2676
2824  T - T  2677
2825  G   T  2678
2826  G   C  2679
2827  T - T  2680
2828  G - G  2681
2829  G - G  2682
2830  G - G  2683
2831  G   |
2832  C   |
2833  T   |
2834  G   |
2835  C   |
2836  C   |
2837  C   |
2838  C   |
2839  C   |
2840  G - G  2684
2841  C - C  2685
2842  C - C  2686
2843  G - G  2687
2844  C - C  2688
2845  C - C  2689
2846  G - G  2690
2847  C - C  2691
2848  C - C  2692
2849  G - G  2693
2850  C - C  2694
2851  C - C  2695
2852  G - G  2696
2853  C - C  2697
2854  C - C  2698
2855  T   C  2699
2856  G - G  2700
2857  C - C  2701
2858  C   G  2702
2859  C - C  2703
2860  G - G  2704
2861  C - C  2705
2862  A - A  2706
2863  G - G  2707
2864  G - G  2708
2865  A - A  2709
2866  T - T  2710
2867  C - C  2711
2868  G - G  2712
2869  C - C  2713
2870  G - G  2714
2871  G - G  2715
2872  T - T  2716
2873  G - G  2717
2874  C - C  2718
2875  C - C  2719
2876  A   C  2720
2877  G - G  2721
2878  T - T  2722
2879  G - G  2723
2880  C - C  2724
2881  T - T  2725
2882  G - G  2726
2883  G - G  2727
2884  T - T  2728
2885  G - G  2729
2886  C - C  2730
2887  G - G  2731
2888  C - C  2732
2889  G - G  2733
2890  A - A  2734
2891  T   C  2735
2892  G - G  2736
2893  G - G  2737
2894  C   G  2738
2895  A - A  2739
2896  A - A  2740
2897  G - G  2741
2898  C - C  2742
2899  C - C  2743
2900  A   C  2744
2901  T - T  2745
2902  G - G  2746
2903  C - C  2747
2904  C - C  2748
2905  T - T  2749
2906  A   G  2750
2907  G - G  2751
2908  G - G  2752
2909  G - G  2753
2910  G - G  2754
2911  A - A  2755
2912  C - C  2756
2913  T   C  2757
2914  C - C  2758
2915  G   C  2759
2916  G - G  2760
2917  C - C  2761
2918  G - G  2762
2919  C   G  2763
2920  C - C  2764
2921  C - C  2765
2922  T - T  2766
2923  A - A  2767
2924  C - C  2768
2925  G - G  2769
2926  C - C  2770
2927  G   T  2771
2928  C - C  2772
2929  C - C  2773
2930  T   C  2774
2931  G - G  2775
2932  C - C  2776
2933  C - C  2777
2934  T - T  2778
2935  A - A  2779
2936  C - C  2780
2937  G - G  2781
2938  G - G  2782
2939  C - C  2783
2940  G - G  2784
2941  T - T  2785
2942  G - G  2786
2943  G - G  2787
2944  G - G  2788
2945  C   T  2789
2946  C - C  2790
2947  T - T  2791
2948  C - C  2792
2949  A - A  2793
2950  A - A  2794
2951  T - T  2795
2952  C   G  2796
2953  C - C  2797
2954  C - C  2798
2955  T - T  2799
2956  A - A  2800
2957  C   T  2801
2958  G - G  2802
2959  G - G  2803
2960  T   C  2804
2961  T - T  2805
2962  A - A  2806
2963  T   C  2807
2964  A - A  2808
2965  A - A  2809
2966  C - C  2810
2967  G - G  2811
2968  C - C  2812
2969  C - C  2813
2970  T - T  2814
2971  A - A  2815
2972  C - C  2816
2973  C - C  2817
2974  C - C  2818
2975  C - C  2819
2976  G   |
2977  C   |
2978  C   |
2979  T - T  2820
2980  A - A  2821
2981  T   C  2822
2982  C - C  2823
2983  C - C  2824
2984  G   C  2825
2985  G   A  2826
2986  G - G  2827
2987  T   C  2828
2988  T - T  2829
2989  A - A  2830
2990  C - C  2831
2991  G - G  2832
2992  G - G  2833
2993  C - C  2834
2994  G - G  2835
2995  G - G  2836
2996  C - C  2837
2997  G - G  2838
2998  C - C  2839
2999  G - G  2840
3000  G - G  2841
3001  C - C  2842
3002  C - C  2843
3003  T - T  2844
3004  G - G  2845
3005  C - C  2846
3006  A - A  2847
3007  G - G  2848
3008  C   T  2849
3009  C - C  2850
3010  C - C  2851
3011  T   C  2852
3012  G - G  2853
3013  G - G  2854
3014  C - C  2855
3015  T - T  2856
3016  A - A  2857
3017  C - C  2858
3018  A - A  2859
3019  G - G  2860
3020  C - C  2861
3021  T - T  2862
3022  G - G  2863
3023  C - C  2864
3024  A   |
3025  C   |
3026  T   |
3027  G - G  2865
3028  C - C  2866
3029  C - C  2867
3030  G - G  2868
3031  C - C  2869
3032  T   C  2870
3033  T - T  2871
3034  A - A  2872
3035  C - C  2873
3036  C - C  2874
3037  C - C  2875
3038  C - C  2876
3039  G - G  2877
3040  C - C  2878
3041  C   T  2879
3042  G - G  2880
3043  G   C  2881
3044  G - G  2882
3045  C - C  2883
3046  C - C  2884
3047  T   C  2885
3048  T   C  2886
3049  C - C  2887
3050  C - C  2888
3051  C   G  2889
3052  C - C  2890
3053  A   C  2891
3054  G - G  2892
3055  C - C  2893
3056  G - G  2894
3057  C - C  2895
3058  A - A  2896
3059  G - G  2897
3060  C - C  2898
3061  C - C  2899
3062  G   C  2900
3063  G   C  2901
3064  C - C  2902
3065  C - C  2903
3066  A   G  2904
3067  C - C  2905
3068  T   C  2906
3069  G - G  2907
3070  C - C  2908
3071  C - C  2909
3072  G   T  2910
3073  C - C  2911
3074  C - C  2912
3075  G - G  2913
3076  C - C  2914
3077  C - C  2915
3078  A - A  2916
3079  A - A  2917
3080  C - C  2918
3081  A - A  2919
3082  A   G  2920
3083  C - C  2921
3084  A - A  2922
3085  A - A  2923
3086  C - C  2924
3087  T - T  2925
3088  T - T  2926
3089  C - C  2927
3090  G - G  2928
3091  T - T  2929
3092  G - G  2930
3093  A - A  2931
3094  A - A  2932
3095  C - C  2933
3096  T - T  2934
3097  T - T  2935
3098  C   T  2936
3099  G - G  2937
3100  G - G  2938
3101  C - C  2939
3102  G - G  2940
3103  T - T  2941
3104  C - C  2942
3105  G - G  2943
3106  G - G  2944
3107  G - G  2945
3108  G - G  2946
3109  A - A  2947
3110  C - C  2948
3111  T - T  2949
3112  T - T  2950
3113  G - G  2951
3114  A - A  2952
3115  A - A  2953
3116  T   C  2954
3117  G   A  2955
3118  C - C  2956
3119  G   C  2957
3120  G - G  2958
3121  T - T  2959
3122  T   G  2960
3123  C - C  2961
3124  A - A  2962
3125  G - G  2963
3126  A - A  2964
3127  G - G  2965
3128  C   T  2966
3129  C - C  2967
3130  C - C  2968
3131  C - C  2969
3132  G - G  2970
3133  G - G  2971
3134  G - G  2972
3135  A - A  2973
3136  T - T  2974
3137  T   G  2975
3138  C - C  2976
3139  C - C  2977
3140  G - G  2978
3141  C - C  2979
3142  A - A  2980
3143  G - G  2981
3144  A   G  2982
3145  G - G  2983
3146  C - C  2984
3147  A - A  2985
3148  A - A  2986
3149  C   T  2987
3150  T - T  2988
3151  C - C  2989
3152  G - G  2990
3153  G - G  2991
3154  G - G  2992
3155  A   C  2993
3156  G - G  2994
3157  T - T  2995
3158  G   C  2996
3159  T - T  2997
3160  C - C  2998
3161  C - C  2999
3162  A - A  3000
3163  C - C  3001
3164  G - G  3002
3165  C - C  3003
3166  T - T  3004
3167  G - G  3005
3168  C - C  3006
3169  A - A  3007
3170  T   C  3008
3171  G - G  3009
3172  G - G  3010
3173  T   C  3011
3174  A - A  3012
3175  T - T  3013
3176  C - C  3014
3177  C - C  3015
3178  G - G  3016
3179  A - A  3017
3180  G - G  3018
3181  C - C  3019
3182  C - C  3020
3183  T - T  3021
3184  G - G  3022
3185  G - G  3023
3186  T - T  3024
3187  A - A  3025
3188  G - G  3026
3189  G - G  3027
3190  G - G  3028
3191  A - A  3029
3192  A - A  3030
3193  G   A  3031
3194  G - G  3032
3195  G   A  3033
3196  A   G  3034
3197  C - C  3035
3198  C - C  3036
3199  C - C  3037
3200  G - G  3038
3201  C   T  3039
3202  G   T  3040
3203  T - T  3041
3204  G - G  3042
3205  G - G  3043
3206  C   G  3044
3207  G - G  3045
3208  C - C  3046
3209  G - G  3047
3210  A   C  3048
3211  C - C  3049
3212  C - C  3050
3213  C - C  3051
3214  T   G  3052
3215  G - G  3053
3216  A - A  3054
3217  C   A  3055
3218  C - C  3056
3219  G - G  3057
3220  A - A  3058
     |   C  3059
3221  T - T  3060
3222  C - C  3061
3223  C - C  3062
3224  C - C  3063
3225  A - A  3064
3226  C - C  3065
3227  C - C  3066
3228  T - T  3067
     |   T  3068
     |   T  3069
     |   A  3070
     |   G  3071
3229  C   G  3072
3230  A - A  3073
3231  A   G  3074
3232  C   A  3075
3233  A - A  3076
3234  G - G  3077
3235  C   G  3078
3236  T   G  3079
3237  C - C  3080
3238  C   G  3081
3239  C   A  3082
3240  T - T  3083
3241  G - G  3084
3242  A - A  3085
3243  C - C  3086
3244  T - T  3087
3245  C - C  3088
3246  T   |
3247  C - C  3089
3248  G - G  3090
3249  G - G  3091
3250  G - G  3092
3251  G - G  3093
     |   A  3094
3252  G   T  3095
3253  G - G  3096
3254  A   G  3097
3255  G - G  3098
3256  A - A  3099
3257  A - A  3100
3258  G   |
3259  G   |
3260  G   A  3101
3261  G - G  3102
3262  C - C  3103
3263  T - T  3104
3264  C - C  3105
3265  C - C  3106
3266  C - C  3107
3267  A - A  3108
3268  A   C  3109
3269  C   T  3110
3270  A - A  3111
3271  T - T  3112
3272  G - G  3113
3273  A   |
3274  C - C  3114
3275  C - C  3115
3276  C - C  3116
3277  T - T  3117
3278  G   |
3279  A   |
3280  G - G  3118
3281  T - T  3119
3282  C - C  3120
3283  C - C  3121
3284  C - C  3122
3285  C   T  3123
3286  T   C  3124
3287  G   A  3125
3288  G - G  3126
3289  A - A  3127
3290  T - T  3128
3291  T - T  3129
3292  T - T  3130
3293  T   C  3131
3294  G   A  3132
3295  C - C  3133
3296  A - A  3134
3297  T   C  3135
3298  T   C  3136
3299  C - C  3137
3300  A - A  3138
3301  C - C  3139
3302  T   |
3303  C - C  3140
3304  C - C  3141
3305  T - T  3142
     |   C  3143
3306  G - G  3144
3307  C - C  3145
3308  G - G  3146
3309  G   C  3147
3310  A - A  3148
3311  G - G  3149
3312  A   G  3150
3313  C - C  3151
3314  C - C  3152
3315  T - T  3153
3316  A   G  3154
3317  G - G  3155
3318  G - G  3156
3319  A - A  3157
3320  A   C  3158
3321  C - C  3159
3322  T - T  3160
3323  T - T  3161
3324  T - T  3162
3325  T   C  3163
3326  T - T  3164
3327  C - C  3165
3328  T   C  3166
3329  G - G  3167
3330  T   A  3168
3331  C   T  3169
3332  C - C  3170
3333  C - C  3171
3334  A - A  3172
3335  C   |
3336  G   |
3337  C   |
3338  G   |
3339  C   |
3340  G   |
3341  T   |
3342  T   |
3343  T   |
3344  G   |
3345  T   |
3346  T - T  3173
3347  C - C  3174
3348  T   |
3349  T   |
3350  G   |
3351  C - C  3175
3352  G   |
3353  C - C  3176
3354  A - A  3177
3355  C - C  3178
3356  G   |
3357  G   |
3358  G   |
3359  A   |
3360  G   |
3361  A   |
3362  G   |
3363  T - T  3179
3364  T - T  3180
3365  T - T  3181
3366  G   |
3367  T   |
3368  G   |
3369  G   |
3370  C   |
3371  G   |
3372  G   |
3373  C   |
3374  G   |
3375  A - A  3182
3376  T - T  3183
3377  T   |
3378  A   |
3379  T - T  3184
3380  G - G  3185
3381  C   |
3382  A - A  3186
3383  G   |
3384  C - C  3187
3385  G - G  3188
3386  T - T  3189
3387  G   |
3388  C   |
3389  A   |
3390  A   |
3391  T   |
3392  G   |
3393  A   |
3394  G   |
3395  T   |
3396  G   |
3397  A   |
3398  T   |
3399  C   |
3400  C   |
3401  T   |
3402  G   |
3403  C   |
3404  A - A  3190
3405  G - G  3191
3406  C - C  3192
3407  C - C  3193
3408  T - T  3194
3409  G - G  3195
3410  G - G  3196
3411  T - T  3197
3412  G - G  3198
3413  T - T  3199
3414  C - C  3200
3415  T - T  3201
3416  T   |
3417  A   |
3418  G   |
3419  C - C  3202
3420  T   G  3203
3421  G - G  3204
3422  T   A  3205
3423  C - C  3206
3424  C - C  3207
3425  C   T  3208
3426  C   G  3209
3427  C   G  3210
3428  C - C  3211
3429  A - A  3212
3430  G   |
3431  G - G  3213
3432  A - A  3214
3433  G   |
3434  T   |
3435  G - G  3215
3436  C - C  3216
3437  C - C  3217
3438  C - C  3218
3439  T - T  3219
3440  C   T  3220
3441  C - C  3221
3442  G   C  3222
3443  A - A  3223
3444  G - G  3224
3445  A   G  3225
3446  G - G  3226
3447  T - T  3227
3448  C   |
3449  C - C  3228
3450  A - A  3229
3451  T   C  3230
3452  G - G  3231
3453  G - G  3232
3454  G - G  3233
3455  C - C  3234
3456  A - A  3235
3457  C - C  3236
3458  C   |
3459  C   |
3460  C   |
3461  C   |
3462  G   |
3463  G   T  3237
3464  T - T  3238
3465  T - T  3239
3466  G   C  3240
3467  G - G  3241
3468  A   |
3469  A - A  3242
3470  C - C  3243
3471  T   |
3472  G   |
3473  G - G  3244
3474  G - G  3245
3475  A - A  3246
3476  C   |
3477  T - T  3247
3478  G   |
3479  A   |
3480  G   |
3481  C   |
3482  T - T  3248
3483  C - C  3249
3484  G   |
3485  G   |
3486  G   |
3487  C - C  3250
3488  A - A  3251
3489  C   |
3490  G   |
3491  C - C  3252
3492  A - A  3253
3493  G   |
3494  G   |
3495  G   |
3496  C   |
3497  C - C  3254
3498  T - T  3255
3499  G   |
3500  A - A  3256
3501  G - G  3257
3502  A   |
3503  T   |
3504  C   |
3505  T   |
3506  G   |
3507  G   |
3508  C   |
3509  C   |
3510  G - G  3258
3511  C   |
3512  C   |
3513  C   |
3514  A - A  3259
3515  T   |
3516  T   |
3517  C - C  3260
3518  C - C  3261
3519  G - G  3262
3520  C   G  3263
3521  G - G  3264
3522  A - A  3265
3523  G - G  3266
3524  C - C  3267
3525  C - C  3268
3526  A   T  3269
3527  G - G  3270
3528  G - G  3271
3529  G - G  3272
3530  C - C  3273
3531  C - C  3274
3532  G - G  3275
3533  G - G  3276
3534  G - G  3277
3535  C - C  3278
3536  G - G  3279
3537  C - C  3280
3538  C - C  3281
3539  C - C  3282
3540  G - G  3283
3541  G - G  3284
3542  G - G  3285
3543  C - C  3286
3544  C - C  3287
3545  T   C  3288
3546  T - T  3289
3547  T   G  3290
3548  G - G  3291
3549  C   T  3292
3550  T - T  3293
3551  A   G  3294
3552  T - T  3295
3553  C - C  3296
3554  T - T  3297
3555  C   T  3298
3556  G - G  3299
3557  C - C  3300
3558  C - C  3301
3559  G - G  3302
3560  T - T  3303
3561  C - C  3304
3562  G - G  3305
3563  C - C  3306
3564  C - C  3307
3565  C   |
3566  G   |
3567  C   |
3568  C   |
3569  C   |
3570  A   |
3571  C   |
3572  G   |
3573  C - C  3308
3574  A - A  3309
3575  C - C  3310
3576  C - C  3311
3577  C - C  3312
3578  A - A  3313
3579  C - C  3314
3580  C - C  3315
3581  C - C  3316
3582  G - G  3317
3583  T - T  3318
3584  A - A  3319
3585  T - T  3320
3586  T - T  3321
3587  T - T  3322
3588  A - A  3323
3589  T - T  3324
3590  G - G  3325
3591  T - T  3326
3592  T - T  3327
3593  T - T  3328
3594  T - T  3329
3595  T - T  3330
3596  A - A  3331
3597  C - C  3332
3598  C - C  3333
3599  T - T  3334
3600  A   |
3601  T   |
3602  T   |
3603  G - G  3335
3604  C   T  3336
3605  T - T  3337
3606  G - G  3338
3607  T - T  3339
3608  A - A  3340
3609  A - A  3341
3610  G - G  3342
3611  A - A  3343
3612  A - A  3344
3613  A - A  3345
3614  T - T  3346
3615  G - G  3347
3616  A - A  3348
3617  C   |
3618  G - G  3349
3619  A - A  3350
3620  T   A  3351
3621  C - C  3352
3622  C - C  3353
3623  C - C  3354
     |   T  3355
3624  C - C  3356
3625  T - T  3357
3626  T - T  3358
3627  C - C  3359
3628  C - C  3360
3629  C - C  3361
3630  A - A  3362
3631  T - T  3363
3632  T - T  3364
3633  A - A  3365
3634  A - A  3366
3635  A - A  3367
3636  G - G  3368
3637  A   T  3369
3638  G - G  3370
3639  A - A  3371
3640  G - G  3372
3641  T - T  3373
3642  G - G  3374
3643  C - C  3375
3644  G - G  3376
3645  T   C  3377
3646  T - T  3378
3647  G   A  3379
3648  A - A  3380
3649  C   |
3650  C   |
3651  C   |
3652  C - C  3381
3653  G - G  3382
3654  C - C  3383
3655  A - A  3384
3656  C - C  3385
3657  G - G  3386
3658  T   C  3387
3659  G - G  3388
3660  T   G  3389
3661  G - G  3390
3662  C - C  3391
3663  T - T  3392
3664  T - T  3393
3665  C - C  3394
3666  T - T  3395
3667  T - T  3396
3668  T - T  3397
3669  C   T  3398
3670  A - A  3399
3671  G - G  3400
3672  C   G  3401
3673  T   A  3402
3674  T - T  3403
3675  G   |
3676  C   |
3677  G   |
3678  G   |
3679  C   |
3680  G   |
3681  C   |
3682  T - T  3404
3683  T - T  3405
3684  C - C  3406
3685  A   T  3407
3686  G - G  3408
3687  A   |
3688  A - A  3409
3689  G - G  3410
3690  C - C  3411
3691  A   |
3692  G   |
3693  G - G  3412
3694  A - A  3413
3695  G - G  3414
3696  A   C  3415
3697  G - G  3416
3698  A   C  3417
3699  G   A  3418
3700  G - G  3419
3701  T   A  3420
3702  G - G  3421
3703  G - G  3422
3704  C - C  3423
3705  C   |
3706  G   |
3707  C - C  3424
3708  C - C  3425
3709  C - C  3426
3710  G   |
3711  G   |
3712  G   |
3713  A   |
3714  C   |
3715  T   |
3716  G   |
3717  G   |
3718  T - T  3427
3719  C - C  3428
3720  T   |
3721  C - C  3429
3722  A - A  3430
3723  G - G  3431
3724  A   |
3725  T   |
3726  C   |
3727  T   |
3728  C   |
3729  A   |
3730  G - G  3432
3731  G   T  3433
3732  C - C  3434
3733  A - A  3435
3734  C - C  3436
3735  A - A  3437
3736  G - G  3438
3737  G - G  3439
3738  C - C  3440
3739  A - A  3441
3740  T - T  3442
3741  T   |
3742  C   |
3743  C   |
3744  C   |
3745  T   A  3443
3746  G - G  3444
3747  A   T  3445
3748  G   T  3446
3749  C - C  3447
3750  A - A  3448
3751  A   C  3449
3752  A - A  3450
3753  T - T  3451
3754  T - T  3452
3755  G   A  3453
3756  A - A  3454
3757  T - T  3455
3758  A - A  3456
     |   G  3457
3759  A - A  3458
3760  C   A  3459
3761  A   C  3460
3762  T   C  3461
3763  T - T  3462
3764  G - G  3463
3765  A   |
3766  T   C  3464
3767  A - A  3465
3768  C - C  3466
3769  T - T  3467
3770  A   C  3468
3771  A - A  3469
3772  T - T  3470
3773  A - A  3471
3774  A - A  3472
3775  A - A  3473
3776  A - A  3474
3777  C   G  3475
3778  C - C  3476
3779  T - T  3477
     |   G  3478
     |   A  3479
     |   G  3480
     |   G  3481
     |   C  3482
3780  A - A  3483
     |   C  3484
     |   C  3485
     |   C  3486
     |   C  3487
     |   G  3488
     |   C  3489
3781  A - A  3490
3782  C - C  3491
3783  C - C  3492
3784  C - C  3493
     |   C  3494
     |   T  3495
     |   C  3496
     |   G  3497
3785  T - T  3498
3786  T - T  3499
     |   A  3500
3787  G - G  3501
3788  C   G  3502
3789  T - T  3503
3790  G - G  3504
     |   T  3505
     |   T  3506
     |   T  3507
     |   T  3508
     |   C  3509
     |   T  3510
3791  G - G  3511
3792  A - A  3512
3793  A - A  3513
     |   G  3514
     |   T  3515
     |   C  3516
     |   C  3517
     |   T  3518
3794  C - C  3519
3795  C - C  3520
3796  A   G  3521
3797  T - T  3522
     |   T  3523
     |   C  3524
     |   C  3525
     |   C  3526
     |   C  3527
     |   C  3528
     |   C  3529
     |   C  3530
     |   C  3531
     |   C  3532
     |   C  3533
     |   C  3534
     |   C  3535
     |   C  3536
     |   C  3537
     |   C  3538
     |   G  3539
3798  A - A  3540
     |   G  3541
     |   G  3542
     |   G  3543
     |   C  3544
     |   G  3545
     |   G  3546
     |   C  3547
3799  C - C  3548
3800  T - T  3549
     |   T  3550
     |   T  3551
     |   T  3552
     |   T  3553
     |   T  3554
     |   T  3555
     |   T  3556
     |   T  3557
     |   T  3558
     |   T  3559
     |   T  3560
     |   C  3561
     |   C  3562
     |   A  3563
     |   A  3564
3801  G - G  3565
3802  G - G  3566
3803  T - T  3567
3804  T - T  3568
     |   A  3569
     |   C  3570
3805  C - C  3571
3806  C - C  3572
3807  G - G  3573
3808  T   C  3574
3809  G - G  3575
3810  T   G  3576
3811  C   A  3577
3812  G - G  3578
3813  G - G  3579
3814  G - G  3580
3815  C - C  3581
     |   G  3582
     |   T  3583
     |   G  3584
3816  A - A  3585
     |   G  3586
     |   G  3587
     |   G  3588
     |   G  3589
3817  C   T  3590
3818  T - T  3591
3819  T - T  3592
3820  T - T  3593
3821  C   A  3594
3822  T - T  3595
3823  G - G  3596
3824  A - A  3597
     |   C  3598
     |   T  3599
     |   T  3600
3825  G - G  3601
3826  A   C  3602
3827  T - T  3603
3828  T - T  3604
3829  G - G  3605
3830  T - T  3606
     |   G  3607
     |   A  3608
     |   G  3609
3831  C - C  3610
3832  T - T  3611
3833  C   A  3612
3834  A - A  3613
     |   T  3614
     |   G  3615
     |   G  3616
     |   G  3617
     |   T  3618
     |   G  3619
3835  T - T  3620
3836  A - A  3621
3837  T   G  3622
3838  A - A  3623
3839  A - A  3624
     |   G  3625
     |   G  3626
     |   A  3627
     |   A  3628
     |   G  3629
     |   T  3630
3840  T - T  3631
3841  C - C  3632
3842  C   A  3633
3843  T   G  3634
3844  C - C  3635
     |   G  3636
3845  A   T  3637
3846  A   C  3638
3847  T - T  3639
3848  A   T  3640
3849  A   C  3641
3850  T - T  3642
3851  C - C  3643
     |   G  3644
3852  C - C  3645
3853  A - A  3646
     |   C  3647
     |   C  3648
3854  A - A  3649
3855  A   G  3650
3856  A - A  3651
3857  A   G  3652
3858  A - A  3653
3859  A - A  3654
     |   G  3655
     |   G  3656
3860  A - A  3657
     |   G  3658
     |   T  3659
3861  A - A  3660
3862  A - A  3661
3863  A - A  3662
3864  A - A  3663
     |   G  3664
     |   C  3665
     |   T  3666
     |   G  3667
3865  A - A  3668
3866  T - T  3669
3867  C - C  3670
3868  C - C  3671
3869  T - T  3672
3870  A - A  3673
3871  A   G  3674
3872  A - A  3675
3873  G - G  3676
3874  T   C  3677
3875  T   G  3678
3876  T   C  3679
3877  A   C  3680
3878  G   C  3681
3879  A - A  3682
3880  A   T  3683
3881  G   C  3684
3882  C - C  3685
3883  T - T  3686
3884  G   C  3687
3885  A - A  3688
3886  G - G  3689
3887  G - G  3690
3888  C - C  3691
3889  C - C  3692
3890  C   |
3891  G   |
3892  G   |
3893  A   |
3894  G   |
3895  A - A  3693
3896  G   A  3694
3897  G   C  3695
3898  T - T  3696
3899  T - T  3697
3900  T   G  3698
3901  A - A  3699
3902  A   T  3700
3903  T - T  3701
3904  G   C  3702
3905  A - A  3703
3906  C - C  3704
3907  T - T  3705
     |   G  3706
3908  T - T  3707
3909  A   T  3708
3910  C   G  3709
3911  C - C  3710
3912  T - T  3711
     |   G  3712
     |   G  3713
3913  G - G  3714
3914  C - C  3715
     |   G  3716
     |   T  3717
     |   T  3718
3915  G - G  3719
3916  A - A  3720
3917  G - G  3721
3918  C   G  3722
3919  A   G  3723
3920  A   G  3724
3921  A - A  3725
3922  T   G  3726
3923  A - A  3727
3924  G - G  3728
3925  C   |
3926  C - C  3729
3927  A - A  3730
3928  G - G  3731
3929  T   C  3732
3930  A - A  3733
     |   C  3734
     |   C  3735
3931  C - C  3736
3932  T - T  3737
     |   A  3738
3933  A - A  3739
3934  G - G  3740
3935  T - T  3741
3936  C - C  3742
3937  G - G  3743
3938  A   |
3939  A   |
3940  C   |
3941  T - T  3744
3942  C - C  3745
3943  T - T  3746
3944  G - G  3747
3945  G   C  3748
3946  T - T  3749
3947  T - T  3750
3948  A - A  3751
3949  A - A  3752
3950  A   C  3753
3951  T   G  3754
3952  T   C  3755
3953  C - C  3756
3954  A - A  3757
     |   C  3758
3955  G   A  3759
3956  G - G  3760
3957  A   C  3761
3958  T - T  3762
3959  G   C  3763
3960  C   T  3764
3961  C   T  3765
3962  T - T  3766
     |   T  3767
     |   A  3768
     |   C  3769
3963  C - C  3770
     |   G  3771
3964  A - A  3772
3965  C - C  3773
3966  T   G  3774
3967  T   G  3775
3968  C   A  3776
3969  A - A  3777
3970  G - G  3778
3971  A - A  3779
3972  G - G  3780
     |   C  3781
     |   C  3782
     |   A  3783
3973  A - A  3784
     |   G  3785
     |   G  3786
     |   G  3787
     |   C  3788
3974  C - C  3789
3975  C - C  3790
     |   T  3791
     |   T  3792
3976  G - G  3793
     |   T  3794
     |   C  3795
3977  C - C  3796
     |   A  3797
     |   G  3798
3978  C - C  3799
3979  T - T  3800
3980  T - T  3801
3981  C - C  3802
3982  C - C  3803
3983  C - C  3804
3984  T - T  3805
3985  G - G  3806
3986  T   A  3807
3987  G - G  3808
     |   A  3809
3988  C - C  3810
3989  T - T  3811
3990  C - C  3812
3991  C   |
3992  C   |
3993  A   |
3994  A   T  3813
3995  G - G  3814
3996  C   |
3997  T   |
3998  C - C  3815
3999  C - C  3816
4000  C - C  3817
